<?xml version="1.0" encoding="UTF-8"?>
<testng-results ignored="0" total="3" passed="3" failed="0" skipped="0">
  <reporter-output>
  </reporter-output>
  <suite started-at="2021-10-17T02:43:51 EEST" name="Default suite" finished-at="2021-10-17T02:44:05 EEST" duration-ms="14002">
    <groups>
    </groups>
    <test started-at="2021-10-17T02:43:51 EEST" name="Default test" finished-at="2021-10-17T02:44:05 EEST" duration-ms="14002">
      <class name="task.Task.train">
        <test-method is-config="true" signature="setup()[pri:0, instance:task.Task.train@3bd40a57]" started-at="2021-10-17T02:43:51 EEST" name="setup" finished-at="2021-10-17T02:43:54 EEST" duration-ms="3344" status="PASS">
          <reporter-output>
          </reporter-output>
        </test-method> <!-- setup -->
        <test-method signature="AllExistOwner()[pri:0, instance:task.Task.train@3bd40a57]" started-at="2021-10-17T02:43:54 EEST" name="AllExistOwner" finished-at="2021-10-17T02:43:58 EEST" duration-ms="3915" status="PASS">
          <reporter-output>
          </reporter-output>
        </test-method> <!-- AllExistOwner -->
        <test-method is-config="true" signature="finalize()[pri:0, instance:task.Task.train@3bd40a57]" started-at="2021-10-17T02:43:58 EEST" name="finalize" finished-at="2021-10-17T02:43:58 EEST" duration-ms="80" status="PASS">
          <reporter-output>
          </reporter-output>
        </test-method> <!-- finalize -->
        <test-method is-config="true" signature="setup()[pri:0, instance:task.Task.train@3bd40a57]" started-at="2021-10-17T02:43:58 EEST" name="setup" finished-at="2021-10-17T02:44:01 EEST" duration-ms="3138" status="PASS">
          <reporter-output>
          </reporter-output>
        </test-method> <!-- setup -->
        <test-method signature="AllVeterinarians()[pri:0, instance:task.Task.train@3bd40a57]" started-at="2021-10-17T02:44:01 EEST" name="AllVeterinarians" finished-at="2021-10-17T02:44:02 EEST" duration-ms="492" status="PASS">
          <reporter-output>
          </reporter-output>
        </test-method> <!-- AllVeterinarians -->
        <test-method is-config="true" signature="finalize()[pri:0, instance:task.Task.train@3bd40a57]" started-at="2021-10-17T02:44:02 EEST" name="finalize" finished-at="2021-10-17T02:44:02 EEST" duration-ms="80" status="PASS">
          <reporter-output>
          </reporter-output>
        </test-method> <!-- finalize -->
        <test-method is-config="true" signature="setup()[pri:0, instance:task.Task.train@3bd40a57]" started-at="2021-10-17T02:44:02 EEST" name="setup" finished-at="2021-10-17T02:44:05 EEST" duration-ms="2806" status="PASS">
          <reporter-output>
          </reporter-output>
        </test-method> <!-- setup -->
        <test-method signature="CheckImage()[pri:0, instance:task.Task.train@3bd40a57]" started-at="2021-10-17T02:44:05 EEST" name="CheckImage" finished-at="2021-10-17T02:44:05 EEST" duration-ms="25" status="PASS">
          <reporter-output>
          </reporter-output>
        </test-method> <!-- CheckImage -->
        <test-method is-config="true" signature="finalize()[pri:0, instance:task.Task.train@3bd40a57]" started-at="2021-10-17T02:44:05 EEST" name="finalize" finished-at="2021-10-17T02:44:05 EEST" duration-ms="76" status="PASS">
          <reporter-output>
          </reporter-output>
        </test-method> <!-- finalize -->
      </class> <!-- task.Task.train -->
    </test> <!-- Default test -->
  </suite> <!-- Default suite -->
</testng-results>
